#
# A fatal error has been detected by the Java Runtime Environment:
#
#  SIGFPE (0x8) at pc=0x0000000116fa0168, pid=9894, tid=7171
#
# JRE version: OpenJDK Runtime Environment (15.0.1+9) (build 15.0.1+9-18)
# Java VM: OpenJDK 64-Bit Server VM (15.0.1+9-18, mixed mode, sharing, tiered, compressed oops, g1 gc, bsd-amd64)
# Problematic frame:
# j  com.tts.exceptions.Main.divide(II)I+0
#
# No core dump will be written. Core dumps have been disabled. To enable core dumping, try "ulimit -c unlimited" before starting Java again
#
# If you would like to submit a bug report, please visit:
#   https://bugreport.java.com/bugreport/crash.jsp
#

---------------  S U M M A R Y ------------

Command Line: -Dfile.encoding=UTF-8 -Duser.country=US -Duser.language=en -Duser.variant com.tts.exceptions.Main

Host: MacBookAir10,1 x86_64 2400 MHz, 8 cores, 16G, Darwin 20.2.0
Time: Tue Jan 26 11:07:34 2021 EST elapsed time: 0.089916 seconds (0d 0h 0m 0s)

---------------  T H R E A D  ---------------

Current thread (0x00007fec6e808200):  JavaThread "main" [_thread_in_Java, id=7171, stack(0x00000003046f0000,0x00000003047f0000)]

Stack: [0x00000003046f0000,0x00000003047f0000],  sp=0x00000003047efa58,  free space=1022k
Native frames: (J=compiled Java code, A=aot compiled Java code, j=interpreted, Vv=VM code, C=native code)
j  com.tts.exceptions.Main.divide(II)I+0
j  com.tts.exceptions.Main.main([Ljava/lang/String;)V+10
v  ~StubRoutines::call_stub
V  [libjvm.dylib+0x4ad942]  JavaCalls::call_helper(JavaValue*, methodHandle const&, JavaCallArguments*, Thread*)+0x2e2
V  [libjvm.dylib+0x50e509]  jni_invoke_static(JNIEnv_*, JavaValue*, _jobject*, JNICallType, _jmethodID*, JNI_ArgumentPusher*, Thread*)+0x1f9
V  [libjvm.dylib+0x511cae]  jni_CallStaticVoidMethod+0x19e
C  [libjli.dylib+0x4f3d]  JavaMain+0xc1d
C  [libjli.dylib+0x7659]  ThreadJavaMain+0x9
C  [libsystem_pthread.dylib+0x6950]  _pthread_start+0xe0
C  [libsystem_pthread.dylib+0x247b]  thread_start+0xf


siginfo: si_signo: 8 (SIGFPE), si_code: 5 (FPE_FLTINV), si_addr: 0x0000000116fa0168

Register to memory mapping:

RAX=0x0000000000000064 is an unknown value
RBX=0x000000000000006c is an unknown value
RCX=0x0 is NULL
RDX=0x0 is NULL
RSP=0x00000003047efa58 is pointing into the stack for thread: 0x00007fec6e808200
RBP=0x00000003047efaa0 is pointing into the stack for thread: 0x00007fec6e808200
RSI=0x0000000000000001 is an unknown value
RDI=0x0000000000000001 is an unknown value
R8 ={method} {0x0000000131b8c3f0} 'divide' '(II)I' in 'com/tts/exceptions/Main'
R9 =0x00007fec6e516560 points into unknown readable memory: 0x0000000131b8c518 | 18 c5 b8 31 01 00 00 00
R10=0x000000010d44a8c0: _ZN19TemplateInterpreter13_active_tableE+0x2000 in /Users/leo/Library/Java/JavaVirtualMachines/openjdk-15.0.1/Contents/Home/lib/server/libjvm.dylib at 0x000000010c800000
R11=0x0 is NULL
R12=0x0 is NULL
R13=0x0000000131b8c3ca is pointing into metadata
R14=0x00000003047efab8 is pointing into the stack for thread: 0x00007fec6e808200
R15=0x00007fec6e808200 is a thread


Registers:
RAX=0x0000000000000064, RBX=0x000000000000006c, RCX=0x0000000000000000, RDX=0x0000000000000000
RSP=0x00000003047efa58, RBP=0x00000003047efaa0, RSI=0x0000000000000001, RDI=0x0000000000000001
R8 =0x0000000131b8c3f0, R9 =0x00007fec6e516560, R10=0x000000010d44a8c0, R11=0x0000000000000000
R12=0x0000000000000000, R13=0x0000000131b8c3ca, R14=0x00000003047efab8, R15=0x00007fec6e808200
RIP=0x0000000116fa0168, EFLAGS=0x0000000000000a83, ERR=0x0000000000000000
  TRAPNO=0x0000000000000000

Top of Stack: (sp=0x00000003047efa58)
0x00000003047efa58:   00000003047efa58 0000000131b8c3c8
0x00000003047efa68:   00000003047efab8 0000000131b8c588
0x00000003047efa78:   0000000000000000 000000070fe43f68
0x00000003047efa88:   0000000131b8c3f0 0000000000000000
0x00000003047efa98:   00000003047efab0 00000003047efb10
0x00000003047efaa8:   0000000116f95900 0000000000000000
0x00000003047efab8:   0000000000000064 000000070fe07d30
0x00000003047efac8:   00000003047efac8 0000000131b8c48a
0x00000003047efad8:   00000003047efb38 0000000131b8c588
0x00000003047efae8:   0000000000000000 000000070fe43f68
0x00000003047efaf8:   0000000131b8c518 00000003047efab0
0x00000003047efb08:   00000003047efb38 00000003047efba0
0x00000003047efb18:   0000000116f8c947 0000000000000000
0x00000003047efb28:   0000000000000000 0000000000000064
0x00000003047efb38:   000000070fe44758 5ba54c9d00001fa0
0x00000003047efb48:   00007fec6e808200 00000003047efce0
0x00000003047efb58:   00000003047efe90 00000003047efcc8
0x00000003047efb68:   0000000000000001 00000003047efbf8
0x00000003047efb78:   00000003047efe98 000000000000000a
0x00000003047efb88:   0000000131b8c518 0000000116f99f40
0x00000003047efb98:   00000003047efce8 00000003047efc80
0x00000003047efba8:   000000010ccad942 0000000000000001
0x00000003047efbb8:   00007fec6e808200 00007fec6e808200
0x00000003047efbc8:   00007fec6e516410 00007fec6e516450
0x00000003047efbd8:   00007fec6e516460 00007fec6e516538
0x00000003047efbe8:   00000000000000d8 00007fec6e516650
0x00000003047efbf8:   00007fec6e808200 00007fec6e516ef0
0x00000003047efc08:   0000000131b8c518 0000000000000000
0x00000003047efc18:   0000000000000000 0000000000000000
0x00000003047efc28:   0000000000000000 00000003047efe90
0x00000003047efc38:   00000002004c3e7d 0000000116f99f40
0x00000003047efc48:   000000000000000f 0000000a6e808200 

Instructions: (pc=0x0000000116fa0168)
0x0000000116fa0068:   7e ae 27 0d 01 00 00 00 6a 00 00 00 00 00 00 00
0x0000000116fa0078:   00 00 00 00 00 00 00 00 f3 0f 10 04 24 48 83 c4
0x0000000116fa0088:   08 f3 0f 59 04 24 48 83 c4 08 41 0f b6 5d 01 49
0x0000000116fa0098:   ff c5 49 ba c0 b8 44 0d 01 00 00 00 41 ff 24 da
0x0000000116fa00a8:   00 00 00 00 00 00 00 00 00 00 00 00 00 00 00 00
0x0000000116fa00b8:   00 00 00 00 00 00 00 00 60 00 00 00 00 00 00 00
0x0000000116fa00c8:   83 ae 27 0d 01 00 00 00 6b 00 00 00 00 00 00 00
0x0000000116fa00d8:   00 00 00 00 00 00 00 00 f2 0f 10 04 24 48 83 c4
0x0000000116fa00e8:   10 f2 0f 59 04 24 48 83 c4 10 41 0f b6 5d 01 49
0x0000000116fa00f8:   ff c5 49 ba c0 c0 44 0d 01 00 00 00 41 ff 24 da
0x0000000116fa0108:   00 00 00 00 00 00 00 00 00 00 00 00 00 00 00 00
0x0000000116fa0118:   00 00 00 00 00 00 00 00 60 00 00 00 00 00 00 00
0x0000000116fa0128:   88 ae 27 0d 01 00 00 00 6c 00 00 00 00 00 00 00
0x0000000116fa0138:   00 00 00 00 00 00 00 00 8b 04 24 48 83 c4 08 8b
0x0000000116fa0148:   c8 8b 04 24 48 83 c4 08 81 f8 00 00 00 80 0f 85
0x0000000116fa0158:   0b 00 00 00 33 d2 83 f9 ff 0f 84 03 00 00 00 99
0x0000000116fa0168:   f7 f9 41 0f b6 5d 01 49 ff c5 49 ba c0 a8 44 0d
0x0000000116fa0178:   01 00 00 00 41 ff 24 da 80 00 00 00 00 00 00 00
0x0000000116fa0188:   8d ae 27 0d 01 00 00 00 6d 00 00 00 00 00 00 00
0x0000000116fa0198:   00 00 00 00 00 00 00 00 48 8b 04 24 48 83 c4 10
0x0000000116fa01a8:   48 8b c8 48 8b 04 24 48 83 c4 10 48 85 c9 0f 84
0x0000000116fa01b8:   73 9a ff ff 48 3b 05 8d 59 35 f6 0f 85 0c 00 00
0x0000000116fa01c8:   00 33 d2 48 83 f9 ff 0f 84 05 00 00 00 48 99 48
0x0000000116fa01d8:   f7 f9 41 0f b6 5d 01 49 ff c5 49 ba c0 b0 44 0d
0x0000000116fa01e8:   01 00 00 00 41 ff 24 da 00 00 00 00 00 00 00 00
0x0000000116fa01f8:   00 00 00 00 00 00 00 00 60 00 00 00 00 00 00 00
0x0000000116fa0208:   92 ae 27 0d 01 00 00 00 6e 00 00 00 00 00 00 00
0x0000000116fa0218:   00 00 00 00 00 00 00 00 f3 0f 10 04 24 48 83 c4
0x0000000116fa0228:   08 0f 28 c8 f3 0f 10 04 24 48 83 c4 08 f3 0f 5e
0x0000000116fa0238:   c1 41 0f b6 5d 01 49 ff c5 49 ba c0 b8 44 0d 01
0x0000000116fa0248:   00 00 00 41 ff 24 da 90 00 00 00 00 00 00 00 00
0x0000000116fa0258:   00 00 00 00 00 00 00 00 60 00 00 00 00 00 00 00 


Stack slot to memory mapping:
stack at sp + 0 slots: 0x00000003047efa58 is pointing into the stack for thread: 0x00007fec6e808200
stack at sp + 1 slots: 0x0000000131b8c3c8 is pointing into metadata
stack at sp + 2 slots: 0x00000003047efab8 is pointing into the stack for thread: 0x00007fec6e808200
stack at sp + 3 slots: 0x0000000131b8c588 is pointing into metadata
stack at sp + 4 slots: 0x0 is NULL
stack at sp + 5 slots: 0x000000070fe43f68 is an oop: java.lang.Class 
{0x000000070fe43f68} - klass: 'java/lang/Class'
stack at sp + 6 slots: {method} {0x0000000131b8c3f0} 'divide' '(II)I' in 'com/tts/exceptions/Main'
stack at sp + 7 slots: 0x0 is NULL

idiv  108 idiv  [0x0000000116fa0140, 0x0000000116fa0180]  64 bytes
[MachCode]
  0x0000000116fa0140: 8b04 2448 | 83c4 088b | c88b 0424 | 4883 c408 | 81f8 0000 | 0080 0f85 | 0b00 0000 | 33d2 83f9 
  0x0000000116fa0160: ff0f 8403 | 0000 0099 | f7f9 410f | b65d 0149 | ffc5 49ba | c0a8 440d | 0100 0000 | 41ff 24da 
[/MachCode]

---------------  P R O C E S S  ---------------

Threads class SMR info:
_java_thread_list=0x00007fec6e60a510, length=10, elements={
0x00007fec6e808200, 0x00007fec6f099000, 0x00007fec6e846000, 0x00007fec6f09a200,
0x00007fec4e81d800, 0x00007fec6f80fe00, 0x00007fec6f812600, 0x00007fec4e81de00,
0x00007fec6e86e600, 0x00007fec6f812c00
}

Java Threads: ( => current thread )
=>0x00007fec6e808200 JavaThread "main" [_thread_in_Java, id=7171, stack(0x00000003046f0000,0x00000003047f0000)]
  0x00007fec6f099000 JavaThread "Reference Handler" daemon [_thread_blocked, id=16131, stack(0x0000000304e05000,0x0000000304f05000)]
  0x00007fec6e846000 JavaThread "Finalizer" daemon [_thread_blocked, id=22275, stack(0x0000000304f08000,0x0000000305008000)]
  0x00007fec6f09a200 JavaThread "Signal Dispatcher" daemon [_thread_blocked, id=25091, stack(0x000000030511b000,0x000000030521b000)]
  0x00007fec4e81d800 JavaThread "Service Thread" daemon [_thread_blocked, id=26115, stack(0x000000030521e000,0x000000030531e000)]
  0x00007fec6f80fe00 JavaThread "C2 CompilerThread0" daemon [_thread_blocked, id=39939, stack(0x0000000305321000,0x0000000305421000)]
  0x00007fec6f812600 JavaThread "C1 CompilerThread0" daemon [_thread_blocked, id=39427, stack(0x0000000305424000,0x0000000305524000)]
  0x00007fec4e81de00 JavaThread "Sweeper thread" daemon [_thread_blocked, id=38659, stack(0x0000000305527000,0x0000000305627000)]
  0x00007fec6e86e600 JavaThread "Notification Thread" daemon [_thread_blocked, id=27907, stack(0x000000030562a000,0x000000030572a000)]
  0x00007fec6f812c00 JavaThread "Common-Cleaner" daemon [_thread_blocked, id=28931, stack(0x0000000305830000,0x0000000305930000)]

Other Threads:
  0x00007fec6e51ed20 VMThread "VM Thread" [stack: 0x0000000304d02000,0x0000000304e02000] [id=15619]
  0x00007fec6e644a10 WatcherThread [stack: 0x000000030572d000,0x000000030582d000] [id=37379]
  0x00007fec6e6160e0 GCTaskThread "GC Thread#0" [stack: 0x00000003047f3000,0x00000003048f3000] [id=17667]
  0x00007fec6e705b30 ConcurrentGCThread "G1 Main Marker" [stack: 0x00000003048f6000,0x00000003049f6000] [id=13315]
  0x00007fec6e706a30 ConcurrentGCThread "G1 Conc#0" [stack: 0x00000003049f9000,0x0000000304af9000] [id=14083]
  0x00007fec6e707b50 ConcurrentGCThread "G1 Refine#0" [stack: 0x0000000304afc000,0x0000000304bfc000] [id=17155]
  0x00007fec6e408550 ConcurrentGCThread "G1 Young RemSet Sampling" [stack: 0x0000000304bff000,0x0000000304cff000] [id=15107]

Threads with active compile tasks:

VM state: not at safepoint (normal execution)

VM Mutex/Monitor currently owned by a thread: None

Heap address: 0x0000000700000000, size: 4096 MB, Compressed Oops mode: Zero based, Oop shift amount: 3
CDS archive(s) mapped at: [0x0000000800000000-0x0000000800b2b000-0x0000000800b2b000), size 11710464, SharedBaseAddress: 0x0000000800000000, ArchiveRelocationMode: 0.
Compressed class space mapped at: 0x0000000800b2c000-0x0000000840b2c000, size: 1073741824
Narrow klass base: 0x0000000800000000, Narrow klass shift: 3, Narrow klass range: 0x100000000

GC Precious Log:
 CPUs: 8 total, 8 available
 Memory: 16384M
 Large Page Support: Disabled
 NUMA Support: Disabled
 Compressed Oops: Enabled (Zero based)
 Heap Region Size: 2M
 Heap Min Capacity: 8M
 Heap Initial Capacity: 256M
 Heap Max Capacity: 4G
 Pre-touch: Disabled
 Parallel Workers: 8
 Concurrent Workers: 2
 Concurrent Refinement Workers: 8
 Periodic GC: Disabled

Heap:
 garbage-first heap   total 266240K, used 1832K [0x0000000700000000, 0x0000000800000000)
  region size 2048K, 1 young (2048K), 0 survivors (0K)
 Metaspace       used 139K, capacity 4486K, committed 4864K, reserved 1056768K
  class space    used 6K, capacity 386K, committed 512K, reserved 1048576K

Heap Regions: E=young(eden), S=young(survivor), O=old, HS=humongous(starts), HC=humongous(continues), CS=collection set, F=free, OA=open archive, CA=closed archive, TAMS=top-at-mark-start (previous, next)
|   0|0x0000000700000000, 0x0000000700000000, 0x0000000700200000|  0%| F|  |TAMS 0x0000000700000000, 0x0000000700000000| Untracked 
|   1|0x0000000700200000, 0x0000000700200000, 0x0000000700400000|  0%| F|  |TAMS 0x0000000700200000, 0x0000000700200000| Untracked 
|   2|0x0000000700400000, 0x0000000700400000, 0x0000000700600000|  0%| F|  |TAMS 0x0000000700400000, 0x0000000700400000| Untracked 
|   3|0x0000000700600000, 0x0000000700600000, 0x0000000700800000|  0%| F|  |TAMS 0x0000000700600000, 0x0000000700600000| Untracked 
|   4|0x0000000700800000, 0x0000000700800000, 0x0000000700a00000|  0%| F|  |TAMS 0x0000000700800000, 0x0000000700800000| Untracked 
|   5|0x0000000700a00000, 0x0000000700a00000, 0x0000000700c00000|  0%| F|  |TAMS 0x0000000700a00000, 0x0000000700a00000| Untracked 
|   6|0x0000000700c00000, 0x0000000700c00000, 0x0000000700e00000|  0%| F|  |TAMS 0x0000000700c00000, 0x0000000700c00000| Untracked 
|   7|0x0000000700e00000, 0x0000000700e00000, 0x0000000701000000|  0%| F|  |TAMS 0x0000000700e00000, 0x0000000700e00000| Untracked 
|   8|0x0000000701000000, 0x0000000701000000, 0x0000000701200000|  0%| F|  |TAMS 0x0000000701000000, 0x0000000701000000| Untracked 
|   9|0x0000000701200000, 0x0000000701200000, 0x0000000701400000|  0%| F|  |TAMS 0x0000000701200000, 0x0000000701200000| Untracked 
|  10|0x0000000701400000, 0x0000000701400000, 0x0000000701600000|  0%| F|  |TAMS 0x0000000701400000, 0x0000000701400000| Untracked 
|  11|0x0000000701600000, 0x0000000701600000, 0x0000000701800000|  0%| F|  |TAMS 0x0000000701600000, 0x0000000701600000| Untracked 
|  12|0x0000000701800000, 0x0000000701800000, 0x0000000701a00000|  0%| F|  |TAMS 0x0000000701800000, 0x0000000701800000| Untracked 
|  13|0x0000000701a00000, 0x0000000701a00000, 0x0000000701c00000|  0%| F|  |TAMS 0x0000000701a00000, 0x0000000701a00000| Untracked 
|  14|0x0000000701c00000, 0x0000000701c00000, 0x0000000701e00000|  0%| F|  |TAMS 0x0000000701c00000, 0x0000000701c00000| Untracked 
|  15|0x0000000701e00000, 0x0000000701e00000, 0x0000000702000000|  0%| F|  |TAMS 0x0000000701e00000, 0x0000000701e00000| Untracked 
|  16|0x0000000702000000, 0x0000000702000000, 0x0000000702200000|  0%| F|  |TAMS 0x0000000702000000, 0x0000000702000000| Untracked 
|  17|0x0000000702200000, 0x0000000702200000, 0x0000000702400000|  0%| F|  |TAMS 0x0000000702200000, 0x0000000702200000| Untracked 
|  18|0x0000000702400000, 0x0000000702400000, 0x0000000702600000|  0%| F|  |TAMS 0x0000000702400000, 0x0000000702400000| Untracked 
|  19|0x0000000702600000, 0x0000000702600000, 0x0000000702800000|  0%| F|  |TAMS 0x0000000702600000, 0x0000000702600000| Untracked 
|  20|0x0000000702800000, 0x0000000702800000, 0x0000000702a00000|  0%| F|  |TAMS 0x0000000702800000, 0x0000000702800000| Untracked 
|  21|0x0000000702a00000, 0x0000000702a00000, 0x0000000702c00000|  0%| F|  |TAMS 0x0000000702a00000, 0x0000000702a00000| Untracked 
|  22|0x0000000702c00000, 0x0000000702c00000, 0x0000000702e00000|  0%| F|  |TAMS 0x0000000702c00000, 0x0000000702c00000| Untracked 
|  23|0x0000000702e00000, 0x0000000702e00000, 0x0000000703000000|  0%| F|  |TAMS 0x0000000702e00000, 0x0000000702e00000| Untracked 
|  24|0x0000000703000000, 0x0000000703000000, 0x0000000703200000|  0%| F|  |TAMS 0x0000000703000000, 0x0000000703000000| Untracked 
|  25|0x0000000703200000, 0x0000000703200000, 0x0000000703400000|  0%| F|  |TAMS 0x0000000703200000, 0x0000000703200000| Untracked 
|  26|0x0000000703400000, 0x0000000703400000, 0x0000000703600000|  0%| F|  |TAMS 0x0000000703400000, 0x0000000703400000| Untracked 
|  27|0x0000000703600000, 0x0000000703600000, 0x0000000703800000|  0%| F|  |TAMS 0x0000000703600000, 0x0000000703600000| Untracked 
|  28|0x0000000703800000, 0x0000000703800000, 0x0000000703a00000|  0%| F|  |TAMS 0x0000000703800000, 0x0000000703800000| Untracked 
|  29|0x0000000703a00000, 0x0000000703a00000, 0x0000000703c00000|  0%| F|  |TAMS 0x0000000703a00000, 0x0000000703a00000| Untracked 
|  30|0x0000000703c00000, 0x0000000703c00000, 0x0000000703e00000|  0%| F|  |TAMS 0x0000000703c00000, 0x0000000703c00000| Untracked 
|  31|0x0000000703e00000, 0x0000000703e00000, 0x0000000704000000|  0%| F|  |TAMS 0x0000000703e00000, 0x0000000703e00000| Untracked 
|  32|0x0000000704000000, 0x0000000704000000, 0x0000000704200000|  0%| F|  |TAMS 0x0000000704000000, 0x0000000704000000| Untracked 
|  33|0x0000000704200000, 0x0000000704200000, 0x0000000704400000|  0%| F|  |TAMS 0x0000000704200000, 0x0000000704200000| Untracked 
|  34|0x0000000704400000, 0x0000000704400000, 0x0000000704600000|  0%| F|  |TAMS 0x0000000704400000, 0x0000000704400000| Untracked 
|  35|0x0000000704600000, 0x0000000704600000, 0x0000000704800000|  0%| F|  |TAMS 0x0000000704600000, 0x0000000704600000| Untracked 
|  36|0x0000000704800000, 0x0000000704800000, 0x0000000704a00000|  0%| F|  |TAMS 0x0000000704800000, 0x0000000704800000| Untracked 
|  37|0x0000000704a00000, 0x0000000704a00000, 0x0000000704c00000|  0%| F|  |TAMS 0x0000000704a00000, 0x0000000704a00000| Untracked 
|  38|0x0000000704c00000, 0x0000000704c00000, 0x0000000704e00000|  0%| F|  |TAMS 0x0000000704c00000, 0x0000000704c00000| Untracked 
|  39|0x0000000704e00000, 0x0000000704e00000, 0x0000000705000000|  0%| F|  |TAMS 0x0000000704e00000, 0x0000000704e00000| Untracked 
|  40|0x0000000705000000, 0x0000000705000000, 0x0000000705200000|  0%| F|  |TAMS 0x0000000705000000, 0x0000000705000000| Untracked 
|  41|0x0000000705200000, 0x0000000705200000, 0x0000000705400000|  0%| F|  |TAMS 0x0000000705200000, 0x0000000705200000| Untracked 
|  42|0x0000000705400000, 0x0000000705400000, 0x0000000705600000|  0%| F|  |TAMS 0x0000000705400000, 0x0000000705400000| Untracked 
|  43|0x0000000705600000, 0x0000000705600000, 0x0000000705800000|  0%| F|  |TAMS 0x0000000705600000, 0x0000000705600000| Untracked 
|  44|0x0000000705800000, 0x0000000705800000, 0x0000000705a00000|  0%| F|  |TAMS 0x0000000705800000, 0x0000000705800000| Untracked 
|  45|0x0000000705a00000, 0x0000000705a00000, 0x0000000705c00000|  0%| F|  |TAMS 0x0000000705a00000, 0x0000000705a00000| Untracked 
|  46|0x0000000705c00000, 0x0000000705c00000, 0x0000000705e00000|  0%| F|  |TAMS 0x0000000705c00000, 0x0000000705c00000| Untracked 
|  47|0x0000000705e00000, 0x0000000705e00000, 0x0000000706000000|  0%| F|  |TAMS 0x0000000705e00000, 0x0000000705e00000| Untracked 
|  48|0x0000000706000000, 0x0000000706000000, 0x0000000706200000|  0%| F|  |TAMS 0x0000000706000000, 0x0000000706000000| Untracked 
|  49|0x0000000706200000, 0x0000000706200000, 0x0000000706400000|  0%| F|  |TAMS 0x0000000706200000, 0x0000000706200000| Untracked 
|  50|0x0000000706400000, 0x0000000706400000, 0x0000000706600000|  0%| F|  |TAMS 0x0000000706400000, 0x0000000706400000| Untracked 
|  51|0x0000000706600000, 0x0000000706600000, 0x0000000706800000|  0%| F|  |TAMS 0x0000000706600000, 0x0000000706600000| Untracked 
|  52|0x0000000706800000, 0x0000000706800000, 0x0000000706a00000|  0%| F|  |TAMS 0x0000000706800000, 0x0000000706800000| Untracked 
|  53|0x0000000706a00000, 0x0000000706a00000, 0x0000000706c00000|  0%| F|  |TAMS 0x0000000706a00000, 0x0000000706a00000| Untracked 
|  54|0x0000000706c00000, 0x0000000706c00000, 0x0000000706e00000|  0%| F|  |TAMS 0x0000000706c00000, 0x0000000706c00000| Untracked 
|  55|0x0000000706e00000, 0x0000000706e00000, 0x0000000707000000|  0%| F|  |TAMS 0x0000000706e00000, 0x0000000706e00000| Untracked 
|  56|0x0000000707000000, 0x0000000707000000, 0x0000000707200000|  0%| F|  |TAMS 0x0000000707000000, 0x0000000707000000| Untracked 
|  57|0x0000000707200000, 0x0000000707200000, 0x0000000707400000|  0%| F|  |TAMS 0x0000000707200000, 0x0000000707200000| Untracked 
|  58|0x0000000707400000, 0x0000000707400000, 0x0000000707600000|  0%| F|  |TAMS 0x0000000707400000, 0x0000000707400000| Untracked 
|  59|0x0000000707600000, 0x0000000707600000, 0x0000000707800000|  0%| F|  |TAMS 0x0000000707600000, 0x0000000707600000| Untracked 
|  60|0x0000000707800000, 0x0000000707800000, 0x0000000707a00000|  0%| F|  |TAMS 0x0000000707800000, 0x0000000707800000| Untracked 
|  61|0x0000000707a00000, 0x0000000707a00000, 0x0000000707c00000|  0%| F|  |TAMS 0x0000000707a00000, 0x0000000707a00000| Untracked 
|  62|0x0000000707c00000, 0x0000000707c00000, 0x0000000707e00000|  0%| F|  |TAMS 0x0000000707c00000, 0x0000000707c00000| Untracked 
|  63|0x0000000707e00000, 0x0000000707e00000, 0x0000000708000000|  0%| F|  |TAMS 0x0000000707e00000, 0x0000000707e00000| Untracked 
|  64|0x0000000708000000, 0x0000000708000000, 0x0000000708200000|  0%| F|  |TAMS 0x0000000708000000, 0x0000000708000000| Untracked 
|  65|0x0000000708200000, 0x0000000708200000, 0x0000000708400000|  0%| F|  |TAMS 0x0000000708200000, 0x0000000708200000| Untracked 
|  66|0x0000000708400000, 0x0000000708400000, 0x0000000708600000|  0%| F|  |TAMS 0x0000000708400000, 0x0000000708400000| Untracked 
|  67|0x0000000708600000, 0x0000000708600000, 0x0000000708800000|  0%| F|  |TAMS 0x0000000708600000, 0x0000000708600000| Untracked 
|  68|0x0000000708800000, 0x0000000708800000, 0x0000000708a00000|  0%| F|  |TAMS 0x0000000708800000, 0x0000000708800000| Untracked 
|  69|0x0000000708a00000, 0x0000000708a00000, 0x0000000708c00000|  0%| F|  |TAMS 0x0000000708a00000, 0x0000000708a00000| Untracked 
|  70|0x0000000708c00000, 0x0000000708c00000, 0x0000000708e00000|  0%| F|  |TAMS 0x0000000708c00000, 0x0000000708c00000| Untracked 
|  71|0x0000000708e00000, 0x0000000708e00000, 0x0000000709000000|  0%| F|  |TAMS 0x0000000708e00000, 0x0000000708e00000| Untracked 
|  72|0x0000000709000000, 0x0000000709000000, 0x0000000709200000|  0%| F|  |TAMS 0x0000000709000000, 0x0000000709000000| Untracked 
|  73|0x0000000709200000, 0x0000000709200000, 0x0000000709400000|  0%| F|  |TAMS 0x0000000709200000, 0x0000000709200000| Untracked 
|  74|0x0000000709400000, 0x0000000709400000, 0x0000000709600000|  0%| F|  |TAMS 0x0000000709400000, 0x0000000709400000| Untracked 
|  75|0x0000000709600000, 0x0000000709600000, 0x0000000709800000|  0%| F|  |TAMS 0x0000000709600000, 0x0000000709600000| Untracked 
|  76|0x0000000709800000, 0x0000000709800000, 0x0000000709a00000|  0%| F|  |TAMS 0x0000000709800000, 0x0000000709800000| Untracked 
|  77|0x0000000709a00000, 0x0000000709a00000, 0x0000000709c00000|  0%| F|  |TAMS 0x0000000709a00000, 0x0000000709a00000| Untracked 
|  78|0x0000000709c00000, 0x0000000709c00000, 0x0000000709e00000|  0%| F|  |TAMS 0x0000000709c00000, 0x0000000709c00000| Untracked 
|  79|0x0000000709e00000, 0x0000000709e00000, 0x000000070a000000|  0%| F|  |TAMS 0x0000000709e00000, 0x0000000709e00000| Untracked 
|  80|0x000000070a000000, 0x000000070a000000, 0x000000070a200000|  0%| F|  |TAMS 0x000000070a000000, 0x000000070a000000| Untracked 
|  81|0x000000070a200000, 0x000000070a200000, 0x000000070a400000|  0%| F|  |TAMS 0x000000070a200000, 0x000000070a200000| Untracked 
|  82|0x000000070a400000, 0x000000070a400000, 0x000000070a600000|  0%| F|  |TAMS 0x000000070a400000, 0x000000070a400000| Untracked 
|  83|0x000000070a600000, 0x000000070a600000, 0x000000070a800000|  0%| F|  |TAMS 0x000000070a600000, 0x000000070a600000| Untracked 
|  84|0x000000070a800000, 0x000000070a800000, 0x000000070aa00000|  0%| F|  |TAMS 0x000000070a800000, 0x000000070a800000| Untracked 
|  85|0x000000070aa00000, 0x000000070aa00000, 0x000000070ac00000|  0%| F|  |TAMS 0x000000070aa00000, 0x000000070aa00000| Untracked 
|  86|0x000000070ac00000, 0x000000070ac00000, 0x000000070ae00000|  0%| F|  |TAMS 0x000000070ac00000, 0x000000070ac00000| Untracked 
|  87|0x000000070ae00000, 0x000000070ae00000, 0x000000070b000000|  0%| F|  |TAMS 0x000000070ae00000, 0x000000070ae00000| Untracked 
|  88|0x000000070b000000, 0x000000070b000000, 0x000000070b200000|  0%| F|  |TAMS 0x000000070b000000, 0x000000070b000000| Untracked 
|  89|0x000000070b200000, 0x000000070b200000, 0x000000070b400000|  0%| F|  |TAMS 0x000000070b200000, 0x000000070b200000| Untracked 
|  90|0x000000070b400000, 0x000000070b400000, 0x000000070b600000|  0%| F|  |TAMS 0x000000070b400000, 0x000000070b400000| Untracked 
|  91|0x000000070b600000, 0x000000070b600000, 0x000000070b800000|  0%| F|  |TAMS 0x000000070b600000, 0x000000070b600000| Untracked 
|  92|0x000000070b800000, 0x000000070b800000, 0x000000070ba00000|  0%| F|  |TAMS 0x000000070b800000, 0x000000070b800000| Untracked 
|  93|0x000000070ba00000, 0x000000070ba00000, 0x000000070bc00000|  0%| F|  |TAMS 0x000000070ba00000, 0x000000070ba00000| Untracked 
|  94|0x000000070bc00000, 0x000000070bc00000, 0x000000070be00000|  0%| F|  |TAMS 0x000000070bc00000, 0x000000070bc00000| Untracked 
|  95|0x000000070be00000, 0x000000070be00000, 0x000000070c000000|  0%| F|  |TAMS 0x000000070be00000, 0x000000070be00000| Untracked 
|  96|0x000000070c000000, 0x000000070c000000, 0x000000070c200000|  0%| F|  |TAMS 0x000000070c000000, 0x000000070c000000| Untracked 
|  97|0x000000070c200000, 0x000000070c200000, 0x000000070c400000|  0%| F|  |TAMS 0x000000070c200000, 0x000000070c200000| Untracked 
|  98|0x000000070c400000, 0x000000070c400000, 0x000000070c600000|  0%| F|  |TAMS 0x000000070c400000, 0x000000070c400000| Untracked 
|  99|0x000000070c600000, 0x000000070c600000, 0x000000070c800000|  0%| F|  |TAMS 0x000000070c600000, 0x000000070c600000| Untracked 
| 100|0x000000070c800000, 0x000000070c800000, 0x000000070ca00000|  0%| F|  |TAMS 0x000000070c800000, 0x000000070c800000| Untracked 
| 101|0x000000070ca00000, 0x000000070ca00000, 0x000000070cc00000|  0%| F|  |TAMS 0x000000070ca00000, 0x000000070ca00000| Untracked 
| 102|0x000000070cc00000, 0x000000070cc00000, 0x000000070ce00000|  0%| F|  |TAMS 0x000000070cc00000, 0x000000070cc00000| Untracked 
| 103|0x000000070ce00000, 0x000000070ce00000, 0x000000070d000000|  0%| F|  |TAMS 0x000000070ce00000, 0x000000070ce00000| Untracked 
| 104|0x000000070d000000, 0x000000070d000000, 0x000000070d200000|  0%| F|  |TAMS 0x000000070d000000, 0x000000070d000000| Untracked 
| 105|0x000000070d200000, 0x000000070d200000, 0x000000070d400000|  0%| F|  |TAMS 0x000000070d200000, 0x000000070d200000| Untracked 
| 106|0x000000070d400000, 0x000000070d400000, 0x000000070d600000|  0%| F|  |TAMS 0x000000070d400000, 0x000000070d400000| Untracked 
| 107|0x000000070d600000, 0x000000070d600000, 0x000000070d800000|  0%| F|  |TAMS 0x000000070d600000, 0x000000070d600000| Untracked 
| 108|0x000000070d800000, 0x000000070d800000, 0x000000070da00000|  0%| F|  |TAMS 0x000000070d800000, 0x000000070d800000| Untracked 
| 109|0x000000070da00000, 0x000000070da00000, 0x000000070dc00000|  0%| F|  |TAMS 0x000000070da00000, 0x000000070da00000| Untracked 
| 110|0x000000070dc00000, 0x000000070dc00000, 0x000000070de00000|  0%| F|  |TAMS 0x000000070dc00000, 0x000000070dc00000| Untracked 
| 111|0x000000070de00000, 0x000000070de00000, 0x000000070e000000|  0%| F|  |TAMS 0x000000070de00000, 0x000000070de00000| Untracked 
| 112|0x000000070e000000, 0x000000070e000000, 0x000000070e200000|  0%| F|  |TAMS 0x000000070e000000, 0x000000070e000000| Untracked 
| 113|0x000000070e200000, 0x000000070e200000, 0x000000070e400000|  0%| F|  |TAMS 0x000000070e200000, 0x000000070e200000| Untracked 
| 114|0x000000070e400000, 0x000000070e400000, 0x000000070e600000|  0%| F|  |TAMS 0x000000070e400000, 0x000000070e400000| Untracked 
| 115|0x000000070e600000, 0x000000070e600000, 0x000000070e800000|  0%| F|  |TAMS 0x000000070e600000, 0x000000070e600000| Untracked 
| 116|0x000000070e800000, 0x000000070e800000, 0x000000070ea00000|  0%| F|  |TAMS 0x000000070e800000, 0x000000070e800000| Untracked 
| 117|0x000000070ea00000, 0x000000070ea00000, 0x000000070ec00000|  0%| F|  |TAMS 0x000000070ea00000, 0x000000070ea00000| Untracked 
| 118|0x000000070ec00000, 0x000000070ec00000, 0x000000070ee00000|  0%| F|  |TAMS 0x000000070ec00000, 0x000000070ec00000| Untracked 
| 119|0x000000070ee00000, 0x000000070ee00000, 0x000000070f000000|  0%| F|  |TAMS 0x000000070ee00000, 0x000000070ee00000| Untracked 
| 120|0x000000070f000000, 0x000000070f000000, 0x000000070f200000|  0%| F|  |TAMS 0x000000070f000000, 0x000000070f000000| Untracked 
| 121|0x000000070f200000, 0x000000070f200000, 0x000000070f400000|  0%| F|  |TAMS 0x000000070f200000, 0x000000070f200000| Untracked 
| 122|0x000000070f400000, 0x000000070f400000, 0x000000070f600000|  0%| F|  |TAMS 0x000000070f400000, 0x000000070f400000| Untracked 
| 123|0x000000070f600000, 0x000000070f600000, 0x000000070f800000|  0%| F|  |TAMS 0x000000070f600000, 0x000000070f600000| Untracked 
| 124|0x000000070f800000, 0x000000070f800000, 0x000000070fa00000|  0%| F|  |TAMS 0x000000070f800000, 0x000000070f800000| Untracked 
| 125|0x000000070fa00000, 0x000000070fa00000, 0x000000070fc00000|  0%| F|  |TAMS 0x000000070fa00000, 0x000000070fa00000| Untracked 
| 126|0x000000070fc00000, 0x000000070fc00000, 0x000000070fe00000|  0%| F|  |TAMS 0x000000070fc00000, 0x000000070fc00000| Untracked 
| 127|0x000000070fe00000, 0x000000070fee14f0, 0x0000000710000000| 44%| E|  |TAMS 0x000000070fe00000, 0x000000070fe00000| Complete 
|1534|0x00000007bfc00000, 0x00000007bfd51000, 0x00000007bfe00000| 65%|OA|  |TAMS 0x00000007bfc00000, 0x00000007bfc00000| Untracked 
|1535|0x00000007bfe00000, 0x00000007bfe79000, 0x00000007c0000000| 23%|CA|  |TAMS 0x00000007bfe00000, 0x00000007bfe00000| Untracked 

Card table byte_map: [0x000000012678c000,0x0000000126f8c000] _byte_map_base: 0x0000000122f8c000

Marking Bits (Prev, Next): (CMBitMap*) 0x00007fec6f808810, (CMBitMap*) 0x00007fec6f808850
 Prev Bits: [0x000000012778c000, 0x000000012b78c000)
 Next Bits: [0x000000012b78c000, 0x000000012f78c000)

Polling page: 0x0000000100134000

Metaspace:

Usage:
  Non-class:      4.00 MB capacity,   132.73 KB (  3%) used,     3.87 MB ( 97%) free+waste,   128 bytes ( <1%) overhead. 
      Class:    386.00 KB capacity,     6.65 KB (  2%) used,   379.23 KB ( 98%) free+waste,   128 bytes ( <1%) overhead. 
       Both:      4.38 MB capacity,   139.38 KB (  3%) used,     4.24 MB ( 97%) free+waste,   256 bytes ( <1%) overhead. 

Virtual space:
  Non-class space:        8.00 MB reserved,       4.25 MB ( 53%) committed 
      Class space:        1.00 GB reserved,     512.00 KB ( <1%) committed 
             Both:        1.01 GB reserved,       4.75 MB ( <1%) committed 

Chunk freelists:
   Non-Class:  0 bytes
       Class:  0 bytes
        Both:  0 bytes

MaxMetaspaceSize: 17179869184.00 GB
CompressedClassSpaceSize: 1.00 GB

CodeHeap 'non-profiled nmethods': size=120028Kb used=13Kb max_used=13Kb free=120014Kb
 bounds [0x000000011ea55000, 0x000000011ecc5000, 0x0000000125f8c000]
CodeHeap 'profiled nmethods': size=120028Kb used=44Kb max_used=44Kb free=119983Kb
 bounds [0x000000011751e000, 0x000000011778e000, 0x000000011ea55000]
CodeHeap 'non-nmethods': size=5704Kb used=1040Kb max_used=1048Kb free=4663Kb
 bounds [0x0000000116f8c000, 0x00000001171fc000, 0x000000011751e000]
 total_blobs=307 nmethods=41 adapters=181
 compilation: enabled
              stopped_count=0, restarted_count=0
 full_count=0

Compilation events (20 events):
Event: 0.077 Thread 0x00007fec6f812600   30       1       java.util.ImmutableCollections$Set12::isEmpty (2 bytes)
Event: 0.077 Thread 0x00007fec6f812600 nmethod 30 0x000000011ea57490 code [0x000000011ea57620, 0x000000011ea576d0]
Event: 0.079 Thread 0x00007fec6f812600   32       3       java.util.ImmutableCollections$Set12$1::hasNext (13 bytes)
Event: 0.080 Thread 0x00007fec6f812600 nmethod 32 0x0000000117527210 code [0x00000001175273a0, 0x00000001175274f0]
Event: 0.080 Thread 0x00007fec6f812600   33       1       java.lang.module.ModuleDescriptor::isOpen (5 bytes)
Event: 0.080 Thread 0x00007fec6f812600 nmethod 33 0x000000011ea57b90 code [0x000000011ea57d20, 0x000000011ea57dd0]
Event: 0.080 Thread 0x00007fec6f812600   34       3       java.lang.String::equals (50 bytes)
Event: 0.080 Thread 0x00007fec6f812600 nmethod 34 0x0000000117527590 code [0x0000000117527740, 0x0000000117527b60]
Event: 0.080 Thread 0x00007fec6f812600   35       3       java.util.HashMap::putIfAbsent (13 bytes)
Event: 0.081 Thread 0x00007fec6f812600 nmethod 35 0x0000000117527c90 code [0x0000000117527e40, 0x0000000117528130]
Event: 0.081 Thread 0x00007fec6f812600   37       1       java.lang.Module::getDescriptor (5 bytes)
Event: 0.081 Thread 0x00007fec6f812600 nmethod 37 0x000000011ea58290 code [0x000000011ea58420, 0x000000011ea584d0]
Event: 0.081 Thread 0x00007fec6f812600   38       3       java.util.ImmutableCollections$Set12::iterator (9 bytes)
Event: 0.082 Thread 0x00007fec6f812600 nmethod 38 0x0000000117528290 code [0x0000000117528440, 0x0000000117528730]
Event: 0.082 Thread 0x00007fec6f812600   39       3       java.util.ImmutableCollections$Set12$1::<init> (32 bytes)
Event: 0.082 Thread 0x00007fec6f812600 nmethod 39 0x0000000117528810 code [0x00000001175289a0, 0x0000000117528bd0]
Event: 0.085 Thread 0x00007fec6f812600   40       3       java.lang.String::coder (15 bytes)
Event: 0.086 Thread 0x00007fec6f812600 nmethod 40 0x0000000117528c90 code [0x0000000117528e20, 0x0000000117528f50]
Event: 0.088 Thread 0x00007fec6f812600   41       3       java.lang.String::isLatin1 (19 bytes)
Event: 0.088 Thread 0x00007fec6f812600 nmethod 41 0x0000000117529010 code [0x00000001175291a0, 0x0000000117529310]

GC Heap History (0 events):
No events

Deoptimization events (0 events):
No events

Classes unloaded (0 events):
No events

Classes redefined (0 events):
No events

Internal exceptions (0 events):
No events

Events (20 events):
Event: 0.059 Thread 0x00007fec6f09a200 Thread added: 0x00007fec6f09a200
Event: 0.059 Protecting memory [0x000000030511b000,0x000000030511f000] with protection modes 0
Event: 0.059 Thread 0x00007fec4e81d800 Thread added: 0x00007fec4e81d800
Event: 0.059 Protecting memory [0x000000030521e000,0x0000000305222000] with protection modes 0
Event: 0.059 Thread 0x00007fec6f80fe00 Thread added: 0x00007fec6f80fe00
Event: 0.059 Protecting memory [0x0000000305321000,0x0000000305325000] with protection modes 0
Event: 0.059 Thread 0x00007fec6f812600 Thread added: 0x00007fec6f812600
Event: 0.059 Protecting memory [0x0000000305424000,0x0000000305428000] with protection modes 0
Event: 0.059 Thread 0x00007fec4e81de00 Thread added: 0x00007fec4e81de00
Event: 0.059 Protecting memory [0x0000000305527000,0x000000030552b000] with protection modes 0
Event: 0.082 Thread 0x00007fec6e86e600 Thread added: 0x00007fec6e86e600
Event: 0.083 Protecting memory [0x000000030562a000,0x000000030562e000] with protection modes 0
Event: 0.083 loading class jdk/internal/vm/PostVMInitHook
Event: 0.083 loading class jdk/internal/vm/PostVMInitHook done
Event: 0.085 loading class jdk/internal/loader/URLClassPath$FileLoader
Event: 0.085 loading class jdk/internal/loader/URLClassPath$FileLoader done
Event: 0.086 loading class jdk/internal/loader/URLClassPath$FileLoader$1
Event: 0.086 loading class jdk/internal/loader/URLClassPath$FileLoader$1 done
Event: 0.086 Thread 0x00007fec6f812c00 Thread added: 0x00007fec6f812c00
Event: 0.086 Protecting memory [0x0000000305830000,0x0000000305834000] with protection modes 0


Dynamic libraries:
0x00007ffdffd40000 	/Library/Apple/usr/libexec/oah/runtime
0x00007fff2a5f4000 	/usr/lib/libz.1.dylib
0x00000001083d8000 	/Users/leo/Library/Java/JavaVirtualMachines/openjdk-15.0.1/Contents/Home/lib/libjli.dylib
0x00007fff35292000 	/System/Library/Frameworks/Cocoa.framework/Versions/A/Cocoa
0x00007fff22151000 	/System/Library/Frameworks/Security.framework/Versions/A/Security
0x00007fff33491000 	/System/Library/Frameworks/ApplicationServices.framework/Versions/A/ApplicationServices
0x00007fff2a6c0000 	/usr/lib/libSystem.B.dylib
0x00007fff2a6ba000 	/usr/lib/system/libcache.dylib
0x00007fff2a676000 	/usr/lib/system/libcommonCrypto.dylib
0x00007fff2a6a0000 	/usr/lib/system/libcompiler_rt.dylib
0x00007fff2a695000 	/usr/lib/system/libcopyfile.dylib
0x00007fff200f2000 	/usr/lib/system/libcorecrypto.dylib
0x00007fff201be000 	/usr/lib/system/libdispatch.dylib
0x00007fff20373000 	/usr/lib/system/libdyld.dylib
0x00007fff2a6b1000 	/usr/lib/system/libkeymgr.dylib
0x00007fff2dc4f000 	/usr/lib/system/liblaunch.dylib
0x00007fff2a654000 	/usr/lib/system/libmacho.dylib
0x00007fff29e6a000 	/usr/lib/system/libquarantine.dylib
0x00007fff2a6ae000 	/usr/lib/system/libremovefile.dylib
0x00007fff24ae6000 	/usr/lib/system/libsystem_asl.dylib
0x00007fff200a2000 	/usr/lib/system/libsystem_blocks.dylib
0x00007fff20240000 	/usr/lib/system/libsystem_c.dylib
0x00007fff2a6a8000 	/usr/lib/system/libsystem_collections.dylib
0x00007fff29257000 	/usr/lib/system/libsystem_configuration.dylib
0x00007fff28547000 	/usr/lib/system/libsystem_containermanager.dylib
0x00007fff2a3ec000 	/usr/lib/system/libsystem_coreservices.dylib
0x00007fff22705000 	/usr/lib/system/libsystem_darwin.dylib
0x00007fff2a6b2000 	/usr/lib/system/libsystem_dnssd.dylib
0x00007fff2023d000 	/usr/lib/system/libsystem_featureflags.dylib
0x00007fff203b8000 	/usr/lib/system/libsystem_info.dylib
0x00007fff2a607000 	/usr/lib/system/libsystem_m.dylib
0x00007fff20191000 	/usr/lib/system/libsystem_malloc.dylib
0x00007fff24a7a000 	/usr/lib/system/libsystem_networkextension.dylib
0x00007fff22b1f000 	/usr/lib/system/libsystem_notify.dylib
0x00007fff300fc000 	/usr/lib/system/libsystem_product_info_filter.dylib
0x00007fff2925b000 	/usr/lib/system/libsystem_sandbox.dylib
0x00007fff2a6ab000 	/usr/lib/system/libsystem_secinit.dylib
0x00007fff20338000 	/usr/lib/system/libsystem_kernel.dylib
0x00007fff203ae000 	/usr/lib/system/libsystem_platform.dylib
0x00007fff20367000 	/usr/lib/system/libsystem_pthread.dylib
0x00007fff26213000 	/usr/lib/system/libsystem_symptoms.dylib
0x00007fff200da000 	/usr/lib/system/libsystem_trace.dylib
0x00007fff2a682000 	/usr/lib/system/libunwind.dylib
0x00007fff200a4000 	/usr/lib/system/libxpc.dylib
0x00007fff2031f000 	/usr/lib/libc++abi.dylib
0x00007fff20203000 	/usr/lib/libobjc.A.dylib
0x00007fff2a68d000 	/usr/lib/liboah.dylib
0x00007fff202c9000 	/usr/lib/libc++.1.dylib
0x00007fff203e4000 	/System/Library/Frameworks/CoreFoundation.framework/Versions/A/CoreFoundation
0x00007fff210c6000 	/System/Library/Frameworks/Foundation.framework/Versions/C/Foundation
0x00007fff22b77000 	/System/Library/Frameworks/AppKit.framework/Versions/C/AppKit
0x00007fff25a33000 	/System/Library/Frameworks/CoreData.framework/Versions/A/CoreData
0x00007fff238da000 	/System/Library/PrivateFrameworks/UIFoundation.framework/Versions/A/UIFoundation
0x00007fff2fe75000 	/System/Library/PrivateFrameworks/RemoteViewServices.framework/Versions/A/RemoteViewServices
0x00007fff28c11000 	/System/Library/PrivateFrameworks/XCTTargetBootstrap.framework/Versions/A/XCTTargetBootstrap
0x00007fff2b95d000 	/usr/lib/libspindump.dylib
0x00007fff23b2e000 	/System/Library/Frameworks/UniformTypeIdentifiers.framework/Versions/A/UniformTypeIdentifiers
0x00007fff273e8000 	/usr/lib/libapp_launch_measurement.dylib
0x00007fff273eb000 	/System/Library/PrivateFrameworks/CoreAutoLayout.framework/Versions/A/CoreAutoLayout
0x00007fff28573000 	/System/Library/Frameworks/Metal.framework/Versions/A/Metal
0x00007fff29266000 	/usr/lib/liblangid.dylib
0x00007fff28c15000 	/System/Library/PrivateFrameworks/CoreSVG.framework/Versions/A/CoreSVG
0x00007fff24b15000 	/System/Library/PrivateFrameworks/SkyLight.framework/Versions/A/SkyLight
0x00007fff24e7b000 	/System/Library/Frameworks/CoreGraphics.framework/Versions/A/CoreGraphics
0x00007fff304cc000 	/System/Library/Frameworks/Accelerate.framework/Versions/A/Accelerate
0x00007fff2b398000 	/System/Library/PrivateFrameworks/IconServices.framework/Versions/A/IconServices
0x00007fff28558000 	/System/Library/Frameworks/IOSurface.framework/Versions/A/IOSurface
0x00007fff263c5000 	/usr/lib/libDiagnosticMessagesClient.dylib
0x00007fff28bfd000 	/System/Library/PrivateFrameworks/DFRFoundation.framework/Versions/A/DFRFoundation
0x00007fff224a3000 	/usr/lib/libicucore.A.dylib
0x00007fff2ce9d000 	/System/Library/Frameworks/AudioToolbox.framework/Versions/A/AudioToolbox
0x00007fff2c143000 	/System/Library/PrivateFrameworks/DataDetectorsCore.framework/Versions/A/DataDetectorsCore
0x00007fff288fd000 	/System/Library/Frameworks/Carbon.framework/Versions/A/Frameworks/HIToolbox.framework/Versions/A/HIToolbox
0x00007fff26e40000 	/System/Library/Frameworks/QuartzCore.framework/Versions/A/QuartzCore
0x00007fff2feb1000 	/System/Library/Frameworks/Carbon.framework/Versions/A/Frameworks/SpeechRecognition.framework/Versions/A/SpeechRecognition
0x00007fff27150000 	/System/Library/PrivateFrameworks/CoreUI.framework/Versions/A/CoreUI
0x00007fff21aad000 	/System/Library/Frameworks/CoreAudio.framework/Versions/A/CoreAudio
0x00007fff264b0000 	/System/Library/Frameworks/DiskArbitration.framework/Versions/A/DiskArbitration
0x00007fff2bd57000 	/System/Library/PrivateFrameworks/MultitouchSupport.framework/Versions/A/MultitouchSupport
0x00007fff2c13a000 	/System/Library/PrivateFrameworks/InternationalSupport.framework/Versions/A/InternationalSupport
0x00007fff24a89000 	/usr/lib/libenergytrace.dylib
0x00007fff22a71000 	/System/Library/Frameworks/IOKit.framework/Versions/A/IOKit
0x00007fff301fe000 	/System/Library/Frameworks/CoreServices.framework/Versions/A/CoreServices
0x00007fff2737e000 	/System/Library/PrivateFrameworks/PerformanceAnalysis.framework/Versions/A/PerformanceAnalysis
0x00007fff6cb07000 	/System/Library/Frameworks/OpenGL.framework/Versions/A/OpenGL
0x00007fff2c1bf000 	/System/Library/PrivateFrameworks/UserActivity.framework/Versions/A/UserActivity
0x00007fff25535000 	/System/Library/Frameworks/ColorSync.framework/Versions/A/ColorSync
0x00007fff28e7d000 	/System/Library/Frameworks/CoreImage.framework/Versions/A/CoreImage
0x00007fff218c4000 	/System/Library/Frameworks/CoreText.framework/Versions/A/CoreText
0x00007fff28c3f000 	/System/Library/Frameworks/ImageIO.framework/Versions/A/ImageIO
0x00007fff2a6c6000 	/System/Library/PrivateFrameworks/SoftLinking.framework/Versions/A/SoftLinking
0x00007fff27434000 	/usr/lib/libxml2.2.dylib
0x00007fff2a938000 	/usr/lib/libcompression.dylib
0x00007fff24a8a000 	/usr/lib/libMobileGestalt.dylib
0x00007fff2c06d000 	/System/Library/PrivateFrameworks/TextureIO.framework/Versions/A/TextureIO
0x00007fff2b025000 	/usr/lib/libate.dylib
0x00007fff2ad51000 	/usr/lib/liblzma.5.dylib
0x00007fff20dda000 	/System/Library/Frameworks/SystemConfiguration.framework/Versions/A/SystemConfiguration
0x00007fff2a6c2000 	/usr/lib/libfakelink.dylib
0x00007fff245dc000 	/System/Library/Frameworks/CFNetwork.framework/Versions/A/CFNetwork
0x00007fff2a802000 	/usr/lib/libarchive.2.dylib
0x00007fff20e58000 	/usr/lib/libCRFSuite.dylib
0x00007fff29e91000 	/usr/lib/libbsm.0.dylib
0x00007fff23f98000 	/usr/lib/libnetwork.dylib
0x00007fff2a6c7000 	/usr/lib/libpcap.A.dylib
0x00007fff2620c000 	/usr/lib/libdns_services.dylib
0x00007fff2ad6a000 	/usr/lib/libcoretls_cfhelpers.dylib
0x00007fff2a906000 	/usr/lib/libapple_nghttp2.dylib
0x00007fff2a65a000 	/usr/lib/system/libkxld.dylib
0x00007fff25e7a000 	/usr/lib/libsqlite3.dylib
0x00007fff2a3ce000 	/System/Library/PrivateFrameworks/AppleFSCompression.framework/Versions/A/AppleFSCompression
0x00007fff29e79000 	/usr/lib/libcoretls.dylib
0x00007fff2a933000 	/usr/lib/libpam.2.dylib
0x00007fff2ae66000 	/usr/lib/libxar.1.dylib
0x00007fff29262000 	/System/Library/PrivateFrameworks/AppleSystemInfo.framework/Versions/A/AppleSystemInfo
0x00007fff29abc000 	/System/Library/PrivateFrameworks/IOMobileFramebuffer.framework/Versions/A/IOMobileFramebuffer
0x00007fff2a3de000 	/usr/lib/libbz2.1.0.dylib
0x00007fff2a6ff000 	/usr/lib/libiconv.2.dylib
0x00007fff2a653000 	/usr/lib/libcharset.1.dylib
0x00007fff273ba000 	/System/Library/Frameworks/CoreServices.framework/Versions/A/Frameworks/FSEvents.framework/Versions/A/FSEvents
0x00007fff2270f000 	/System/Library/Frameworks/CoreServices.framework/Versions/A/Frameworks/CarbonCore.framework/Versions/A/CarbonCore
0x00007fff26415000 	/System/Library/Frameworks/CoreServices.framework/Versions/A/Frameworks/Metadata.framework/Versions/A/Metadata
0x00007fff2a3f1000 	/System/Library/Frameworks/CoreServices.framework/Versions/A/Frameworks/OSServices.framework/Versions/A/OSServices
0x00007fff2a874000 	/System/Library/Frameworks/CoreServices.framework/Versions/A/Frameworks/SearchKit.framework/Versions/A/SearchKit
0x00007fff26196000 	/System/Library/Frameworks/CoreServices.framework/Versions/A/Frameworks/AE.framework/Versions/A/AE
0x00007fff20880000 	/System/Library/Frameworks/CoreServices.framework/Versions/A/Frameworks/LaunchServices.framework/Versions/A/LaunchServices
0x00007fff2ad02000 	/System/Library/Frameworks/CoreServices.framework/Versions/A/Frameworks/DictionaryServices.framework/Versions/A/DictionaryServices
0x00007fff273c3000 	/System/Library/Frameworks/CoreServices.framework/Versions/A/Frameworks/SharedFileList.framework/Versions/A/SharedFileList
0x00007fff29e6d000 	/usr/lib/libCheckFix.dylib
0x00007fff24afd000 	/System/Library/PrivateFrameworks/TCC.framework/Versions/A/TCC
0x00007fff29268000 	/System/Library/PrivateFrameworks/CoreNLP.framework/Versions/A/CoreNLP
0x00007fff263c8000 	/System/Library/PrivateFrameworks/MetadataUtilities.framework/Versions/A/MetadataUtilities
0x00007fff20e8e000 	/usr/lib/libmecabra.dylib
0x00007fff2a181000 	/System/Library/Frameworks/MLCompute.framework/Versions/A/MLCompute
0x00007fff29ea2000 	/usr/lib/libmecab.dylib
0x00007fff29eec000 	/usr/lib/libgermantok.dylib
0x00007fff2a8dc000 	/usr/lib/libThaiTokenizer.dylib
0x00007fff2aea1000 	/usr/lib/libChineseTokenizer.dylib
0x00007fff2a931000 	/System/Library/Frameworks/MetalPerformanceShaders.framework/Versions/A/MetalPerformanceShaders
0x00007fff264b7000 	/System/Library/Frameworks/Accelerate.framework/Versions/A/Frameworks/vImage.framework/Versions/A/vImage
0x00007fff301d7000 	/System/Library/Frameworks/Accelerate.framework/Versions/A/Frameworks/vecLib.framework/Versions/A/vecLib
0x00007fff2aeac000 	/System/Library/Frameworks/Accelerate.framework/Versions/A/Frameworks/vecLib.framework/Versions/A/libvMisc.dylib
0x00007fff29918000 	/System/Library/Frameworks/Accelerate.framework/Versions/A/Frameworks/vecLib.framework/Versions/A/libvDSP.dylib
0x00007fff20b84000 	/System/Library/Frameworks/Accelerate.framework/Versions/A/Frameworks/vecLib.framework/Versions/A/libBLAS.dylib
0x00007fff2a957000 	/System/Library/Frameworks/Accelerate.framework/Versions/A/Frameworks/vecLib.framework/Versions/A/libLAPACK.dylib
0x00007fff29ef2000 	/System/Library/Frameworks/Accelerate.framework/Versions/A/Frameworks/vecLib.framework/Versions/A/libLinearAlgebra.dylib
0x00007fff2a91e000 	/System/Library/Frameworks/Accelerate.framework/Versions/A/Frameworks/vecLib.framework/Versions/A/libSparseBLAS.dylib
0x00007fff2a951000 	/System/Library/Frameworks/Accelerate.framework/Versions/A/Frameworks/vecLib.framework/Versions/A/libQuadrature.dylib
0x00007fff29310000 	/System/Library/Frameworks/Accelerate.framework/Versions/A/Frameworks/vecLib.framework/Versions/A/libBNNS.dylib
0x00007fff20d6b000 	/System/Library/Frameworks/Accelerate.framework/Versions/A/Frameworks/vecLib.framework/Versions/A/libSparse.dylib
0x00007fff291fb000 	/System/Library/Frameworks/MetalPerformanceShaders.framework/Versions/A/Frameworks/MPSCore.framework/Versions/A/MPSCore
0x00007fff2a33d000 	/System/Library/Frameworks/MetalPerformanceShaders.framework/Versions/A/Frameworks/MPSImage.framework/Versions/A/MPSImage
0x00007fff29f09000 	/System/Library/Frameworks/MetalPerformanceShaders.framework/Versions/A/Frameworks/MPSNeuralNetwork.framework/Versions/A/MPSNeuralNetwork
0x00007fff2a2c8000 	/System/Library/Frameworks/MetalPerformanceShaders.framework/Versions/A/Frameworks/MPSMatrix.framework/Versions/A/MPSMatrix
0x00007fff2a131000 	/System/Library/Frameworks/MetalPerformanceShaders.framework/Versions/A/Frameworks/MPSRayIntersector.framework/Versions/A/MPSRayIntersector
0x00007fff2a2ff000 	/System/Library/Frameworks/MetalPerformanceShaders.framework/Versions/A/Frameworks/MPSNDArray.framework/Versions/A/MPSNDArray
0x00007fff20ab0000 	/System/Library/PrivateFrameworks/MetalTools.framework/Versions/A/MetalTools
0x00007fff29260000 	/System/Library/PrivateFrameworks/AggregateDictionary.framework/Versions/A/AggregateDictionary
0x00007fff263a0000 	/System/Library/PrivateFrameworks/CoreAnalytics.framework/Versions/A/CoreAnalytics
0x00007fff2a8de000 	/System/Library/PrivateFrameworks/AppleSauce.framework/Versions/A/AppleSauce
0x00007fff2856a000 	/System/Library/PrivateFrameworks/IOAccelerator.framework/Versions/A/IOAccelerator
0x00007fff6cafb000 	/System/Library/Frameworks/OpenGL.framework/Versions/A/Libraries/libCoreFSCache.dylib
0x00007fff2142a000 	/System/Library/PrivateFrameworks/LanguageModeling.framework/Versions/A/LanguageModeling
0x00007fff29aa9000 	/System/Library/PrivateFrameworks/CoreEmoji.framework/Versions/A/CoreEmoji
0x00007fff29309000 	/System/Library/PrivateFrameworks/LinguisticData.framework/Versions/A/LinguisticData
0x00007fff20d1d000 	/System/Library/PrivateFrameworks/Lexicon.framework/Versions/A/Lexicon
0x00007fff2a7f0000 	/usr/lib/libcmph.dylib
0x00007fff2739a000 	/System/Library/Frameworks/OpenDirectory.framework/Versions/A/Frameworks/CFOpenDirectory.framework/Versions/A/CFOpenDirectory
0x00007fff2738a000 	/System/Library/Frameworks/OpenDirectory.framework/Versions/A/OpenDirectory
0x00007fff2ad6c000 	/System/Library/PrivateFrameworks/APFS.framework/Versions/A/APFS
0x00007fff29dce000 	/System/Library/Frameworks/SecurityFoundation.framework/Versions/A/SecurityFoundation
0x00007fff2ae74000 	/usr/lib/libutil.dylib
0x00007fff22a36000 	/System/Library/PrivateFrameworks/CoreServicesStore.framework/Versions/A/CoreServicesStore
0x00007fff29e65000 	/System/Library/Frameworks/ServiceManagement.framework/Versions/A/ServiceManagement
0x00007fff2ae78000 	/usr/lib/libxslt.1.dylib
0x00007fff29e5b000 	/System/Library/PrivateFrameworks/BackgroundTaskManagement.framework/Versions/A/BackgroundTaskManagement
0x00007fff2bfb8000 	/System/Library/Frameworks/ImageIO.framework/Versions/A/Resources/libRadiance.dylib
0x00007fff2bfc1000 	/System/Library/Frameworks/ImageIO.framework/Versions/A/Resources/libJPEG.dylib
0x00007fff2bf11000 	/System/Library/Frameworks/ImageIO.framework/Versions/A/Resources/libPng.dylib
0x00007fff2bf38000 	/System/Library/Frameworks/ImageIO.framework/Versions/A/Resources/libTIFF.dylib
0x00007fff2c016000 	/System/Library/Frameworks/ImageIO.framework/Versions/A/Resources/libGIF.dylib
0x00007fff2bc75000 	/System/Library/Frameworks/ImageIO.framework/Versions/A/Resources/libJP2.dylib
0x00007fff2b35f000 	/usr/lib/libexpat.1.dylib
0x00007fff2bc2a000 	/System/Library/PrivateFrameworks/AppleJPEG.framework/Versions/A/AppleJPEG
0x00007fff287a0000 	/System/Library/PrivateFrameworks/FontServices.framework/libFontParser.dylib
0x00007fff2614a000 	/System/Library/PrivateFrameworks/RunningBoardServices.framework/Versions/A/RunningBoardServices
0x00007fff2bd53000 	/System/Library/PrivateFrameworks/WatchdogClient.framework/Versions/A/WatchdogClient
0x00007fff21517000 	/System/Library/Frameworks/CoreDisplay.framework/Versions/A/CoreDisplay
0x00007fff286b6000 	/System/Library/Frameworks/CoreMedia.framework/Versions/A/CoreMedia
0x00007fff27517000 	/System/Library/Frameworks/CoreVideo.framework/Versions/A/CoreVideo
0x00007fff2bd8b000 	/System/Library/Frameworks/VideoToolbox.framework/Versions/A/VideoToolbox
0x00007fff260c8000 	/System/Library/PrivateFrameworks/BaseBoard.framework/Versions/A/BaseBoard
0x00007fff2b4a4000 	/System/Library/PrivateFrameworks/PersistentConnection.framework/Versions/A/PersistentConnection
0x00007fff25e63000 	/System/Library/PrivateFrameworks/ProtocolBuffer.framework/Versions/A/ProtocolBuffer
0x00007fff260af000 	/System/Library/PrivateFrameworks/CommonUtilities.framework/Versions/A/CommonUtilities
0x00007fff2bbbf000 	/System/Library/PrivateFrameworks/Bom.framework/Versions/A/Bom
0x00007fff2bfb1000 	/System/Library/PrivateFrameworks/GPUWrangler.framework/Versions/A/GPUWrangler
0x00007fff2bf96000 	/System/Library/PrivateFrameworks/IOPresentment.framework/Versions/A/IOPresentment
0x00007fff2bfbb000 	/System/Library/PrivateFrameworks/DSExternalDisplay.framework/Versions/A/DSExternalDisplay
0x00007fff2c01b000 	/System/Library/PrivateFrameworks/CMCaptureCore.framework/Versions/A/CMCaptureCore
0x00007fff2b944000 	/System/Library/PrivateFrameworks/AppServerSupport.framework/Versions/A/AppServerSupport
0x00007fff2d9ee000 	/System/Library/PrivateFrameworks/perfdata.framework/Versions/A/perfdata
0x00007fff29dbd000 	/System/Library/PrivateFrameworks/AssertionServices.framework/Versions/A/AssertionServices
0x00007fff2164e000 	/System/Library/PrivateFrameworks/AudioToolboxCore.framework/Versions/A/AudioToolboxCore
0x00007fff28699000 	/System/Library/PrivateFrameworks/caulk.framework/Versions/A/caulk
0x00007fff3d67b000 	/System/Library/PrivateFrameworks/SystemPolicy.framework/Versions/A/SystemPolicy
0x00007fff2b154000 	/usr/lib/libIOReport.dylib
0x00007fff2d210000 	/usr/lib/libSMC.dylib
0x00007fff2bede000 	/usr/lib/libAudioToolboxUtility.dylib
0x00007fff3dfe5000 	/usr/lib/libmis.dylib
0x00007fff6cb57000 	/System/Library/Frameworks/OpenGL.framework/Versions/A/Libraries/libGLU.dylib
0x00007fff6cb1a000 	/System/Library/Frameworks/OpenGL.framework/Versions/A/Libraries/libGFXShared.dylib
0x00007fff6cd29000 	/System/Library/Frameworks/OpenGL.framework/Versions/A/Libraries/libGL.dylib
0x00007fff6cb23000 	/System/Library/Frameworks/OpenGL.framework/Versions/A/Libraries/libGLImage.dylib
0x00007fff6cb17000 	/System/Library/Frameworks/OpenGL.framework/Versions/A/Libraries/libCVMSPluginSupport.dylib
0x00007fff6cb02000 	/System/Library/Frameworks/OpenGL.framework/Versions/A/Libraries/libCoreVMClient.dylib
0x00007fff6e16a000 	/System/Library/Frameworks/OpenCL.framework/Versions/A/OpenCL
0x00007fff2b4ce000 	/System/Library/PrivateFrameworks/GraphVisualizer.framework/Versions/A/GraphVisualizer
0x00007fff2b4dd000 	/System/Library/PrivateFrameworks/FaceCore.framework/Versions/A/FaceCore
0x00007fff2b8f9000 	/System/Library/PrivateFrameworks/OTSVG.framework/Versions/A/OTSVG
0x00007fff2710e000 	/System/Library/Frameworks/ApplicationServices.framework/Versions/A/Frameworks/ATS.framework/Versions/A/Resources/libFontRegistry.dylib
0x00007fff2b94b000 	/System/Library/PrivateFrameworks/FontServices.framework/libhvf.dylib
0x00007fff2b30b000 	/System/Library/PrivateFrameworks/AppleVA.framework/Versions/A/AppleVA
0x00007fff2d059000 	/System/Library/Frameworks/ApplicationServices.framework/Versions/A/Frameworks/ATS.framework/Versions/A/ATS
0x00007fff2d36b000 	/System/Library/Frameworks/ApplicationServices.framework/Versions/A/Frameworks/ColorSyncLegacy.framework/Versions/A/ColorSyncLegacy
0x00007fff2562c000 	/System/Library/Frameworks/ApplicationServices.framework/Versions/A/Frameworks/HIServices.framework/Versions/A/HIServices
0x00007fff2d350000 	/System/Library/Frameworks/ApplicationServices.framework/Versions/A/Frameworks/LangAnalysis.framework/Versions/A/LangAnalysis
0x00007fff2c025000 	/System/Library/Frameworks/ApplicationServices.framework/Versions/A/Frameworks/PrintCore.framework/Versions/A/PrintCore
0x00007fff2d373000 	/System/Library/Frameworks/ApplicationServices.framework/Versions/A/Frameworks/QD.framework/Versions/A/QD
0x00007fff2d049000 	/System/Library/Frameworks/ApplicationServices.framework/Versions/A/Frameworks/SpeechSynthesis.framework/Versions/A/SpeechSynthesis
0x00007fff2bfe6000 	/System/Library/Frameworks/ApplicationServices.framework/Versions/A/Frameworks/ATSUI.framework/Versions/A/ATSUI
0x00007fff2d2f0000 	/usr/lib/libcups.2.dylib
0x00007fff2d360000 	/System/Library/PrivateFrameworks/NetAuth.framework/Versions/A/NetAuth
0x00007fff2da0a000 	/System/Library/Frameworks/Kerberos.framework/Versions/A/Kerberos
0x00007fff2da1a000 	/System/Library/Frameworks/GSS.framework/Versions/A/GSS
0x00007fff2d0c5000 	/usr/lib/libresolv.9.dylib
0x00007fff2b960000 	/System/Library/PrivateFrameworks/Heimdal.framework/Versions/A/Heimdal
0x00007fff33791000 	/System/Library/Frameworks/Kerberos.framework/Versions/A/Libraries/libHeimdalProxy.dylib
0x00007fff2621b000 	/System/Library/Frameworks/Network.framework/Versions/A/Network
0x00007fff2b379000 	/usr/lib/libheimdal-asn1.dylib
0x00007fff2da6a000 	/System/Library/PrivateFrameworks/CommonAuth.framework/Versions/A/CommonAuth
0x00007fff27564000 	/System/Library/PrivateFrameworks/login.framework/Versions/A/Frameworks/loginsupport.framework/Versions/A/loginsupport
0x00007fff2cfce000 	/System/Library/PrivateFrameworks/AudioSession.framework/Versions/A/AudioSession
0x00007fff2d036000 	/usr/lib/libAudioStatistics.dylib
0x00007fff2b406000 	/System/Library/PrivateFrameworks/MediaExperience.framework/Versions/A/MediaExperience
0x00007fff2ce6b000 	/System/Library/PrivateFrameworks/AudioSession.framework/libSessionUtility.dylib
0x00007fff2d9fb000 	/usr/lib/libperfcheck.dylib
0x00007fff2d37f000 	/System/Library/PrivateFrameworks/AudioResourceArbitration.framework/Versions/A/AudioResourceArbitration
0x00007fff2b383000 	/System/Library/PrivateFrameworks/IconFoundation.framework/Versions/A/IconFoundation
0x00007fff2fea1000 	/System/Library/PrivateFrameworks/SpeechRecognitionCore.framework/Versions/A/SpeechRecognitionCore
0x000000010c800000 	/Users/leo/Library/Java/JavaVirtualMachines/openjdk-15.0.1/Contents/Home/lib/server/libjvm.dylib
0x0000000108460000 	/Users/leo/Library/Java/JavaVirtualMachines/openjdk-15.0.1/Contents/Home/lib/libjimage.dylib
0x00000001084c2000 	/Users/leo/Library/Java/JavaVirtualMachines/openjdk-15.0.1/Contents/Home/lib/libjava.dylib


VM Arguments:
jvm_args: -Dfile.encoding=UTF-8 -Duser.country=US -Duser.language=en -Duser.variant 
java_command: com.tts.exceptions.Main
java_class_path (initial): /Users/leo/Projects/shreveport/java/iostreams/build/classes/java/main:/Users/leo/Projects/shreveport/java/iostreams/build/resources/main
Launcher Type: SUN_STANDARD

[Global flags]
     intx CICompilerCount                          = 4                                         {product} {ergonomic}
     uint ConcGCThreads                            = 2                                         {product} {ergonomic}
     uint G1ConcRefinementThreads                  = 8                                         {product} {ergonomic}
   size_t G1HeapRegionSize                         = 2097152                                   {product} {ergonomic}
    uintx GCDrainStackTargetSize                   = 64                                        {product} {ergonomic}
   size_t InitialHeapSize                          = 268435456                                 {product} {ergonomic}
   size_t MarkStackSize                            = 4194304                                   {product} {ergonomic}
   size_t MaxHeapSize                              = 4294967296                                {product} {ergonomic}
   size_t MaxNewSize                               = 2575302656                                {product} {ergonomic}
   size_t MinHeapDeltaBytes                        = 2097152                                   {product} {ergonomic}
   size_t MinHeapSize                              = 8388608                                   {product} {ergonomic}
    uintx NonNMethodCodeHeapSize                   = 5839372                                {pd product} {ergonomic}
    uintx NonProfiledCodeHeapSize                  = 122909434                              {pd product} {ergonomic}
    uintx ProfiledCodeHeapSize                     = 122909434                              {pd product} {ergonomic}
    uintx ReservedCodeCacheSize                    = 251658240                              {pd product} {ergonomic}
     bool SegmentedCodeCache                       = true                                      {product} {ergonomic}
   size_t SoftMaxHeapSize                          = 4294967296                             {manageable} {ergonomic}
     bool UseCompressedClassPointers               = true                                 {lp64_product} {ergonomic}
     bool UseCompressedOops                        = true                                 {lp64_product} {ergonomic}
     bool UseG1GC                                  = true                                      {product} {ergonomic}
     bool UseNUMA                                  = false                                     {product} {ergonomic}
     bool UseNUMAInterleaving                      = false                                     {product} {ergonomic}

Logging:
Log output configuration:
 #0: stdout all=warning uptime,level,tags
 #1: stderr all=off uptime,level,tags

Environment Variables:
PATH=/usr/local/bin:/usr/bin:/bin:/usr/sbin:/sbin:/Users/leo/.cargo/bin
SHELL=/bin/zsh
LC_CTYPE=en_US.UTF-8

Signal Handlers:
SIGSEGV: [libjvm.dylib+0xa00020], sa_mask[0]=11111111111111111111111111111111, sa_flags=SA_ONSTACK|SA_RESTART|SA_SIGINFO
SIGBUS: [libjvm.dylib+0xa00020], sa_mask[0]=11111111111111111111111111111111, sa_flags=SA_RESTART|SA_SIGINFO
SIGFPE: [libjvm.dylib+0xa00020], sa_mask[0]=11111111111111111111111111111111, sa_flags=SA_RESTART|SA_SIGINFO
SIGPIPE: [libjvm.dylib+0x82b7f0], sa_mask[0]=11111111111111111111111111111111, sa_flags=SA_RESTART|SA_SIGINFO
SIGXFSZ: [libjvm.dylib+0x82b7f0], sa_mask[0]=11111111111111111111111111111111, sa_flags=SA_RESTART|SA_SIGINFO
SIGILL: [libjvm.dylib+0xa00020], sa_mask[0]=11111111111111111111111111111111, sa_flags=SA_RESTART|SA_SIGINFO
SIGUSR2: [libjvm.dylib+0x82c300], sa_mask[0]=00100000000000000000000000000000, sa_flags=SA_RESTART|SA_SIGINFO
SIGHUP: [libjvm.dylib+0x82aa00], sa_mask[0]=11111111111111111111111111111111, sa_flags=SA_RESTART|SA_SIGINFO
SIGINT: [libjvm.dylib+0x82aa00], sa_mask[0]=11111111111111111111111111111111, sa_flags=SA_RESTART|SA_SIGINFO
SIGTERM: [libjvm.dylib+0x82aa00], sa_mask[0]=11111111111111111111111111111111, sa_flags=SA_RESTART|SA_SIGINFO
SIGQUIT: [libjvm.dylib+0x82aa00], sa_mask[0]=11111111111111111111111111111111, sa_flags=SA_RESTART|SA_SIGINFO


---------------  S Y S T E M  ---------------

OS:uname: Darwin 20.2.0 Darwin Kernel Version 20.2.0: Wed Dec  2 20:40:21 PST 2020; root:xnu-7195.60.75~1/RELEASE_ARM64_T8101 x86_64
OS uptime: 28 days 14:41 hours
rlimit (soft/hard): STACK 8176k/65520k , CORE 0k/infinity , NPROC 2666/4000 , NOFILE 10240/infinity , AS infinity/infinity , CPU infinity/infinity , DATA infinity/infinity , FSIZE infinity/infinity , MEMLOCK infinity/infinity , RSS infinity/infinity
load average: 4.07 3.37 3.29

CPU: total 8 (initial active 8) (1 cores per cpu, 1 threads per core) family 6 model 44 stepping 0 microcode 0x0, cmov, cx8, fxsr, mmx, sse, sse2, sse3, ssse3, sse4.1, sse4.2, popcnt, aes, clmul, tsc, tscinvbit, tscinv, clflush

Memory: 4k page, physical 16777216k(26608k free), swap 13631488k(1553408k free)

vm_info: OpenJDK 64-Bit Server VM (15.0.1+9-18) for bsd-amd64 JRE (15.0.1+9-18), built on Sep 15 2020 13:39:50 by "mach5one" with clang 4.2.1 Compatible Apple LLVM 10.0.0 (clang-1000.11.45.5)

END.
